<?xml version="1.0" encoding="UTF-8"?>
<testng-results skipped="0" failed="0" total="23" passed="23">
  <reporter-output>
  </reporter-output>
  <suite name="Default suite" duration-ms="11625" started-at="2019-01-27T07:55:43Z" finished-at="2019-01-27T07:55:54Z">
    <groups>
    </groups>
    <test name="Default test" duration-ms="11625" started-at="2019-01-27T07:55:43Z" finished-at="2019-01-27T07:55:54Z">
      <class name="com.websystique.springmvc.controller.AppControllerTest">
        <test-method status="PASS" signature="setUp()[pri:0, instance:com.websystique.springmvc.controller.AppControllerTest@1990a65e]" name="setUp" is-config="true" duration-ms="980" started-at="2019-01-27T13:25:43Z" finished-at="2019-01-27T13:25:44Z">
          <reporter-output>
          </reporter-output>
        </test-method> <!-- setUp -->
        <test-method status="PASS" signature="deleteEmployee()[pri:0, instance:com.websystique.springmvc.controller.AppControllerTest@1990a65e]" name="deleteEmployee" duration-ms="90" started-at="2019-01-27T13:25:44Z" finished-at="2019-01-27T13:25:44Z">
          <reporter-output>
          </reporter-output>
        </test-method> <!-- deleteEmployee -->
        <test-method status="PASS" signature="editEmployee()[pri:0, instance:com.websystique.springmvc.controller.AppControllerTest@1990a65e]" name="editEmployee" duration-ms="100" started-at="2019-01-27T13:25:44Z" finished-at="2019-01-27T13:25:44Z">
          <reporter-output>
          </reporter-output>
        </test-method> <!-- editEmployee -->
        <test-method status="PASS" signature="listEmployees()[pri:0, instance:com.websystique.springmvc.controller.AppControllerTest@1990a65e]" name="listEmployees" duration-ms="50" started-at="2019-01-27T13:25:44Z" finished-at="2019-01-27T13:25:44Z">
          <reporter-output>
          </reporter-output>
        </test-method> <!-- listEmployees -->
        <test-method status="PASS" signature="newEmployee()[pri:0, instance:com.websystique.springmvc.controller.AppControllerTest@1990a65e]" name="newEmployee" duration-ms="0" started-at="2019-01-27T13:25:44Z" finished-at="2019-01-27T13:25:44Z">
          <reporter-output>
          </reporter-output>
        </test-method> <!-- newEmployee -->
        <test-method status="PASS" signature="saveEmployeeWithSuccess()[pri:0, instance:com.websystique.springmvc.controller.AppControllerTest@1990a65e]" name="saveEmployeeWithSuccess" duration-ms="20" started-at="2019-01-27T13:25:44Z" finished-at="2019-01-27T13:25:44Z">
          <reporter-output>
          </reporter-output>
        </test-method> <!-- saveEmployeeWithSuccess -->
        <test-method status="PASS" signature="saveEmployeeWithValidationError()[pri:0, instance:com.websystique.springmvc.controller.AppControllerTest@1990a65e]" name="saveEmployeeWithValidationError" duration-ms="0" started-at="2019-01-27T13:25:44Z" finished-at="2019-01-27T13:25:44Z">
          <reporter-output>
          </reporter-output>
        </test-method> <!-- saveEmployeeWithValidationError -->
        <test-method status="PASS" signature="saveEmployeeWithValidationErrorNonUniqueSSN()[pri:0, instance:com.websystique.springmvc.controller.AppControllerTest@1990a65e]" name="saveEmployeeWithValidationErrorNonUniqueSSN" duration-ms="10" started-at="2019-01-27T13:25:44Z" finished-at="2019-01-27T13:25:44Z">
          <reporter-output>
          </reporter-output>
        </test-method> <!-- saveEmployeeWithValidationErrorNonUniqueSSN -->
        <test-method status="PASS" signature="updateEmployeeWithSuccess()[pri:0, instance:com.websystique.springmvc.controller.AppControllerTest@1990a65e]" name="updateEmployeeWithSuccess" duration-ms="10" started-at="2019-01-27T13:25:44Z" finished-at="2019-01-27T13:25:44Z">
          <reporter-output>
          </reporter-output>
        </test-method> <!-- updateEmployeeWithSuccess -->
        <test-method status="PASS" signature="updateEmployeeWithValidationError()[pri:0, instance:com.websystique.springmvc.controller.AppControllerTest@1990a65e]" name="updateEmployeeWithValidationError" duration-ms="0" started-at="2019-01-27T13:25:44Z" finished-at="2019-01-27T13:25:44Z">
          <reporter-output>
          </reporter-output>
        </test-method> <!-- updateEmployeeWithValidationError -->
        <test-method status="PASS" signature="updateEmployeeWithValidationErrorNonUniqueSSN()[pri:0, instance:com.websystique.springmvc.controller.AppControllerTest@1990a65e]" name="updateEmployeeWithValidationErrorNonUniqueSSN" duration-ms="0" started-at="2019-01-27T13:25:44Z" finished-at="2019-01-27T13:25:44Z">
          <reporter-output>
          </reporter-output>
        </test-method> <!-- updateEmployeeWithValidationErrorNonUniqueSSN -->
      </class> <!-- com.websystique.springmvc.controller.AppControllerTest -->
      <class name="com.websystique.springmvc.service.EmployeeServiceImplTest">
        <test-method status="PASS" signature="setUp()[pri:0, instance:com.websystique.springmvc.service.EmployeeServiceImplTest@7403c468]" name="setUp" is-config="true" duration-ms="20" started-at="2019-01-27T13:25:44Z" finished-at="2019-01-27T13:25:44Z">
          <reporter-output>
          </reporter-output>
        </test-method> <!-- setUp -->
        <test-method status="PASS" signature="deleteEmployeeBySsn()[pri:0, instance:com.websystique.springmvc.service.EmployeeServiceImplTest@7403c468]" name="deleteEmployeeBySsn" duration-ms="10" started-at="2019-01-27T13:25:44Z" finished-at="2019-01-27T13:25:44Z">
          <reporter-output>
          </reporter-output>
        </test-method> <!-- deleteEmployeeBySsn -->
        <test-method status="PASS" signature="findAllEmployees()[pri:0, instance:com.websystique.springmvc.service.EmployeeServiceImplTest@7403c468]" name="findAllEmployees" duration-ms="10" started-at="2019-01-27T13:25:44Z" finished-at="2019-01-27T13:25:44Z">
          <reporter-output>
          </reporter-output>
        </test-method> <!-- findAllEmployees -->
        <test-method status="PASS" signature="findById()[pri:0, instance:com.websystique.springmvc.service.EmployeeServiceImplTest@7403c468]" name="findById" duration-ms="0" started-at="2019-01-27T13:25:44Z" finished-at="2019-01-27T13:25:44Z">
          <reporter-output>
          </reporter-output>
        </test-method> <!-- findById -->
        <test-method status="PASS" signature="findEmployeeBySsn()[pri:0, instance:com.websystique.springmvc.service.EmployeeServiceImplTest@7403c468]" name="findEmployeeBySsn" duration-ms="0" started-at="2019-01-27T13:25:44Z" finished-at="2019-01-27T13:25:44Z">
          <reporter-output>
          </reporter-output>
        </test-method> <!-- findEmployeeBySsn -->
        <test-method status="PASS" signature="isEmployeeSsnUnique()[pri:0, instance:com.websystique.springmvc.service.EmployeeServiceImplTest@7403c468]" name="isEmployeeSsnUnique" duration-ms="0" started-at="2019-01-27T13:25:44Z" finished-at="2019-01-27T13:25:44Z">
          <reporter-output>
          </reporter-output>
        </test-method> <!-- isEmployeeSsnUnique -->
        <test-method status="PASS" signature="saveEmployee()[pri:0, instance:com.websystique.springmvc.service.EmployeeServiceImplTest@7403c468]" name="saveEmployee" duration-ms="0" started-at="2019-01-27T13:25:44Z" finished-at="2019-01-27T13:25:44Z">
          <reporter-output>
          </reporter-output>
        </test-method> <!-- saveEmployee -->
        <test-method status="PASS" signature="updateEmployee()[pri:0, instance:com.websystique.springmvc.service.EmployeeServiceImplTest@7403c468]" name="updateEmployee" duration-ms="0" started-at="2019-01-27T13:25:44Z" finished-at="2019-01-27T13:25:44Z">
          <reporter-output>
          </reporter-output>
        </test-method> <!-- updateEmployee -->
      </class> <!-- com.websystique.springmvc.service.EmployeeServiceImplTest -->
      <class name="com.websystique.springmvc.dao.EmployeeDaoImplTest">
        <test-method status="PASS" signature="springTestContextPrepareTestInstance()[pri:0, instance:com.websystique.springmvc.dao.EmployeeDaoImplTest@42607a4f]" name="springTestContextPrepareTestInstance" is-config="true" duration-ms="8200" started-at="2019-01-27T13:25:44Z" depends-on-methods="org.springframework.test.context.testng.AbstractTestNGSpringContextTests.springTestContextBeforeTestClass" finished-at="2019-01-27T13:25:52Z">
          <reporter-output>
          </reporter-output>
        </test-method> <!-- springTestContextPrepareTestInstance -->
        <test-method status="PASS" signature="springTestContextBeforeTestClass()[pri:0, instance:com.websystique.springmvc.dao.EmployeeDaoImplTest@42607a4f]" name="springTestContextBeforeTestClass" is-config="true" duration-ms="0" started-at="2019-01-27T13:25:44Z" finished-at="2019-01-27T13:25:44Z">
          <reporter-output>
          </reporter-output>
        </test-method> <!-- springTestContextBeforeTestClass -->
        <test-method status="PASS" signature="springTestContextBeforeTestMethod(java.lang.reflect.Method)[pri:0, instance:com.websystique.springmvc.dao.EmployeeDaoImplTest@42607a4f]" name="springTestContextBeforeTestMethod" is-config="true" duration-ms="210" started-at="2019-01-27T13:25:52Z" finished-at="2019-01-27T13:25:53Z">
          <params>
            <param index="0">
              <value>
                <![CDATA[public void com.websystique.springmvc.dao.EmployeeDaoImplTest.deleteEmployeeByInvalidSsn()]]>
              </value>
            </param>
          </params>
          <reporter-output>
          </reporter-output>
        </test-method> <!-- springTestContextBeforeTestMethod -->
        <test-method status="PASS" signature="setUp()[pri:0, instance:com.websystique.springmvc.dao.EmployeeDaoImplTest@42607a4f]" name="setUp" is-config="true" duration-ms="470" started-at="2019-01-27T13:25:53Z" finished-at="2019-01-27T13:25:53Z">
          <reporter-output>
          </reporter-output>
        </test-method> <!-- setUp -->
        <test-method status="PASS" signature="deleteEmployeeByInvalidSsn()[pri:0, instance:com.websystique.springmvc.dao.EmployeeDaoImplTest@42607a4f]" name="deleteEmployeeByInvalidSsn" duration-ms="330" started-at="2019-01-27T13:25:53Z" finished-at="2019-01-27T13:25:53Z">
          <reporter-output>
          </reporter-output>
        </test-method> <!-- deleteEmployeeByInvalidSsn -->
        <test-method status="PASS" signature="springTestContextAfterTestMethod(java.lang.reflect.Method)[pri:0, instance:com.websystique.springmvc.dao.EmployeeDaoImplTest@42607a4f]" name="springTestContextAfterTestMethod" is-config="true" duration-ms="51" started-at="2019-01-27T13:25:53Z" finished-at="2019-01-27T13:25:53Z">
          <params>
            <param index="0">
              <value>
                <![CDATA[public void com.websystique.springmvc.dao.EmployeeDaoImplTest.deleteEmployeeByInvalidSsn()]]>
              </value>
            </param>
          </params>
          <reporter-output>
          </reporter-output>
        </test-method> <!-- springTestContextAfterTestMethod -->
        <test-method status="PASS" signature="springTestContextBeforeTestMethod(java.lang.reflect.Method)[pri:0, instance:com.websystique.springmvc.dao.EmployeeDaoImplTest@42607a4f]" name="springTestContextBeforeTestMethod" is-config="true" duration-ms="20" started-at="2019-01-27T13:25:53Z" finished-at="2019-01-27T13:25:53Z">
          <params>
            <param index="0">
              <value>
                <![CDATA[public void com.websystique.springmvc.dao.EmployeeDaoImplTest.deleteEmployeeBySsn()]]>
              </value>
            </param>
          </params>
          <reporter-output>
          </reporter-output>
        </test-method> <!-- springTestContextBeforeTestMethod -->
        <test-method status="PASS" signature="setUp()[pri:0, instance:com.websystique.springmvc.dao.EmployeeDaoImplTest@42607a4f]" name="setUp" is-config="true" duration-ms="20" started-at="2019-01-27T13:25:53Z" finished-at="2019-01-27T13:25:53Z">
          <reporter-output>
          </reporter-output>
        </test-method> <!-- setUp -->
        <test-method status="PASS" signature="deleteEmployeeBySsn()[pri:0, instance:com.websystique.springmvc.dao.EmployeeDaoImplTest@42607a4f]" name="deleteEmployeeBySsn" duration-ms="0" started-at="2019-01-27T13:25:53Z" finished-at="2019-01-27T13:25:53Z">
          <reporter-output>
          </reporter-output>
        </test-method> <!-- deleteEmployeeBySsn -->
        <test-method status="PASS" signature="springTestContextAfterTestMethod(java.lang.reflect.Method)[pri:0, instance:com.websystique.springmvc.dao.EmployeeDaoImplTest@42607a4f]" name="springTestContextAfterTestMethod" is-config="true" duration-ms="10" started-at="2019-01-27T13:25:53Z" finished-at="2019-01-27T13:25:53Z">
          <params>
            <param index="0">
              <value>
                <![CDATA[public void com.websystique.springmvc.dao.EmployeeDaoImplTest.deleteEmployeeBySsn()]]>
              </value>
            </param>
          </params>
          <reporter-output>
          </reporter-output>
        </test-method> <!-- springTestContextAfterTestMethod -->
        <test-method status="PASS" signature="springTestContextBeforeTestMethod(java.lang.reflect.Method)[pri:0, instance:com.websystique.springmvc.dao.EmployeeDaoImplTest@42607a4f]" name="springTestContextBeforeTestMethod" is-config="true" duration-ms="10" started-at="2019-01-27T13:25:53Z" finished-at="2019-01-27T13:25:53Z">
          <params>
            <param index="0">
              <value>
                <![CDATA[public void com.websystique.springmvc.dao.EmployeeDaoImplTest.findAllEmployees()]]>
              </value>
            </param>
          </params>
          <reporter-output>
          </reporter-output>
        </test-method> <!-- springTestContextBeforeTestMethod -->
        <test-method status="PASS" signature="setUp()[pri:0, instance:com.websystique.springmvc.dao.EmployeeDaoImplTest@42607a4f]" name="setUp" is-config="true" duration-ms="20" started-at="2019-01-27T13:25:53Z" finished-at="2019-01-27T13:25:53Z">
          <reporter-output>
          </reporter-output>
        </test-method> <!-- setUp -->
        <test-method status="PASS" signature="findAllEmployees()[pri:0, instance:com.websystique.springmvc.dao.EmployeeDaoImplTest@42607a4f]" name="findAllEmployees" duration-ms="10" started-at="2019-01-27T13:25:53Z" finished-at="2019-01-27T13:25:54Z">
          <reporter-output>
          </reporter-output>
        </test-method> <!-- findAllEmployees -->
        <test-method status="PASS" signature="springTestContextAfterTestMethod(java.lang.reflect.Method)[pri:0, instance:com.websystique.springmvc.dao.EmployeeDaoImplTest@42607a4f]" name="springTestContextAfterTestMethod" is-config="true" duration-ms="10" started-at="2019-01-27T13:25:54Z" finished-at="2019-01-27T13:25:54Z">
          <params>
            <param index="0">
              <value>
                <![CDATA[public void com.websystique.springmvc.dao.EmployeeDaoImplTest.findAllEmployees()]]>
              </value>
            </param>
          </params>
          <reporter-output>
          </reporter-output>
        </test-method> <!-- springTestContextAfterTestMethod -->
        <test-method status="PASS" signature="springTestContextBeforeTestMethod(java.lang.reflect.Method)[pri:0, instance:com.websystique.springmvc.dao.EmployeeDaoImplTest@42607a4f]" name="springTestContextBeforeTestMethod" is-config="true" duration-ms="0" started-at="2019-01-27T13:25:54Z" finished-at="2019-01-27T13:25:54Z">
          <params>
            <param index="0">
              <value>
                <![CDATA[public void com.websystique.springmvc.dao.EmployeeDaoImplTest.findById()]]>
              </value>
            </param>
          </params>
          <reporter-output>
          </reporter-output>
        </test-method> <!-- springTestContextBeforeTestMethod -->
        <test-method status="PASS" signature="setUp()[pri:0, instance:com.websystique.springmvc.dao.EmployeeDaoImplTest@42607a4f]" name="setUp" is-config="true" duration-ms="210" started-at="2019-01-27T13:25:54Z" finished-at="2019-01-27T13:25:54Z">
          <reporter-output>
          </reporter-output>
        </test-method> <!-- setUp -->
        <test-method status="PASS" signature="findById()[pri:0, instance:com.websystique.springmvc.dao.EmployeeDaoImplTest@42607a4f]" name="findById" duration-ms="40" started-at="2019-01-27T13:25:54Z" finished-at="2019-01-27T13:25:54Z">
          <reporter-output>
          </reporter-output>
        </test-method> <!-- findById -->
        <test-method status="PASS" signature="springTestContextAfterTestMethod(java.lang.reflect.Method)[pri:0, instance:com.websystique.springmvc.dao.EmployeeDaoImplTest@42607a4f]" name="springTestContextAfterTestMethod" is-config="true" duration-ms="0" started-at="2019-01-27T13:25:54Z" finished-at="2019-01-27T13:25:54Z">
          <params>
            <param index="0">
              <value>
                <![CDATA[public void com.websystique.springmvc.dao.EmployeeDaoImplTest.findById()]]>
              </value>
            </param>
          </params>
          <reporter-output>
          </reporter-output>
        </test-method> <!-- springTestContextAfterTestMethod -->
        <test-method status="PASS" signature="springTestContextBeforeTestMethod(java.lang.reflect.Method)[pri:0, instance:com.websystique.springmvc.dao.EmployeeDaoImplTest@42607a4f]" name="springTestContextBeforeTestMethod" is-config="true" duration-ms="10" started-at="2019-01-27T13:25:54Z" finished-at="2019-01-27T13:25:54Z">
          <params>
            <param index="0">
              <value>
                <![CDATA[public void com.websystique.springmvc.dao.EmployeeDaoImplTest.findEmployeeBySsn()]]>
              </value>
            </param>
          </params>
          <reporter-output>
          </reporter-output>
        </test-method> <!-- springTestContextBeforeTestMethod -->
        <test-method status="PASS" signature="setUp()[pri:0, instance:com.websystique.springmvc.dao.EmployeeDaoImplTest@42607a4f]" name="setUp" is-config="true" duration-ms="10" started-at="2019-01-27T13:25:54Z" finished-at="2019-01-27T13:25:54Z">
          <reporter-output>
          </reporter-output>
        </test-method> <!-- setUp -->
        <test-method status="PASS" signature="findEmployeeBySsn()[pri:0, instance:com.websystique.springmvc.dao.EmployeeDaoImplTest@42607a4f]" name="findEmployeeBySsn" duration-ms="218" started-at="2019-01-27T13:25:54Z" finished-at="2019-01-27T13:25:54Z">
          <reporter-output>
          </reporter-output>
        </test-method> <!-- findEmployeeBySsn -->
        <test-method status="PASS" signature="springTestContextAfterTestMethod(java.lang.reflect.Method)[pri:0, instance:com.websystique.springmvc.dao.EmployeeDaoImplTest@42607a4f]" name="springTestContextAfterTestMethod" is-config="true" duration-ms="3" started-at="2019-01-27T13:25:54Z" finished-at="2019-01-27T13:25:54Z">
          <params>
            <param index="0">
              <value>
                <![CDATA[public void com.websystique.springmvc.dao.EmployeeDaoImplTest.findEmployeeBySsn()]]>
              </value>
            </param>
          </params>
          <reporter-output>
          </reporter-output>
        </test-method> <!-- springTestContextAfterTestMethod -->
        <test-method status="PASS" signature="springTestContextBeforeTestMethod(java.lang.reflect.Method)[pri:0, instance:com.websystique.springmvc.dao.EmployeeDaoImplTest@42607a4f]" name="springTestContextBeforeTestMethod" is-config="true" duration-ms="5" started-at="2019-01-27T13:25:54Z" finished-at="2019-01-27T13:25:54Z">
          <params>
            <param index="0">
              <value>
                <![CDATA[public void com.websystique.springmvc.dao.EmployeeDaoImplTest.saveEmployee()]]>
              </value>
            </param>
          </params>
          <reporter-output>
          </reporter-output>
        </test-method> <!-- springTestContextBeforeTestMethod -->
        <test-method status="PASS" signature="setUp()[pri:0, instance:com.websystique.springmvc.dao.EmployeeDaoImplTest@42607a4f]" name="setUp" is-config="true" duration-ms="30" started-at="2019-01-27T13:25:54Z" finished-at="2019-01-27T13:25:54Z">
          <reporter-output>
          </reporter-output>
        </test-method> <!-- setUp -->
        <test-method status="PASS" signature="saveEmployee()[pri:0, instance:com.websystique.springmvc.dao.EmployeeDaoImplTest@42607a4f]" name="saveEmployee" duration-ms="87" started-at="2019-01-27T13:25:54Z" finished-at="2019-01-27T13:25:54Z">
          <reporter-output>
          </reporter-output>
        </test-method> <!-- saveEmployee -->
        <test-method status="PASS" signature="springTestContextAfterTestMethod(java.lang.reflect.Method)[pri:0, instance:com.websystique.springmvc.dao.EmployeeDaoImplTest@42607a4f]" name="springTestContextAfterTestMethod" is-config="true" duration-ms="3" started-at="2019-01-27T13:25:54Z" finished-at="2019-01-27T13:25:54Z">
          <params>
            <param index="0">
              <value>
                <![CDATA[public void com.websystique.springmvc.dao.EmployeeDaoImplTest.saveEmployee()]]>
              </value>
            </param>
          </params>
          <reporter-output>
          </reporter-output>
        </test-method> <!-- springTestContextAfterTestMethod -->
        <test-method status="PASS" signature="springTestContextAfterTestClass()[pri:0, instance:com.websystique.springmvc.dao.EmployeeDaoImplTest@42607a4f]" name="springTestContextAfterTestClass" is-config="true" duration-ms="1" started-at="2019-01-27T13:25:54Z" finished-at="2019-01-27T13:25:54Z">
          <reporter-output>
          </reporter-output>
        </test-method> <!-- springTestContextAfterTestClass -->
      </class> <!-- com.websystique.springmvc.dao.EmployeeDaoImplTest -->
    </test> <!-- Default test -->
  </suite> <!-- Default suite -->
</testng-results>
