<?xml version="1.0" encoding="UTF-8"?>
<testng-results skipped="0" failed="0" total="23" passed="23">
  <reporter-output>
  </reporter-output>
  <suite name="Command line suite" duration-ms="45367" started-at="2018-12-24T14:39:35Z" finished-at="2018-12-24T14:40:20Z">
    <groups>
    </groups>
    <test name="Command line test" duration-ms="45367" started-at="2018-12-24T14:39:35Z" finished-at="2018-12-24T14:40:20Z">
      <class name="com.websystique.springmvc.controller.AppControllerTest">
        <test-method status="PASS" signature="setUp()[pri:0, instance:com.websystique.springmvc.controller.AppControllerTest@694e1548]" name="setUp" is-config="true" duration-ms="1306" started-at="2018-12-24T20:09:35Z" finished-at="2018-12-24T20:09:36Z">
          <reporter-output>
          </reporter-output>
        </test-method> <!-- setUp -->
        <test-method status="PASS" signature="deleteEmployee()[pri:0, instance:com.websystique.springmvc.controller.AppControllerTest@694e1548]" name="deleteEmployee" duration-ms="47" started-at="2018-12-24T20:09:36Z" finished-at="2018-12-24T20:09:36Z">
          <reporter-output>
          </reporter-output>
        </test-method> <!-- deleteEmployee -->
        <test-method status="PASS" signature="editEmployee()[pri:0, instance:com.websystique.springmvc.controller.AppControllerTest@694e1548]" name="editEmployee" duration-ms="94" started-at="2018-12-24T20:09:36Z" finished-at="2018-12-24T20:09:36Z">
          <reporter-output>
          </reporter-output>
        </test-method> <!-- editEmployee -->
        <test-method status="PASS" signature="listEmployees()[pri:0, instance:com.websystique.springmvc.controller.AppControllerTest@694e1548]" name="listEmployees" duration-ms="31" started-at="2018-12-24T20:09:36Z" finished-at="2018-12-24T20:09:36Z">
          <reporter-output>
          </reporter-output>
        </test-method> <!-- listEmployees -->
        <test-method status="PASS" signature="newEmployee()[pri:0, instance:com.websystique.springmvc.controller.AppControllerTest@694e1548]" name="newEmployee" duration-ms="1" started-at="2018-12-24T20:09:36Z" finished-at="2018-12-24T20:09:36Z">
          <reporter-output>
          </reporter-output>
        </test-method> <!-- newEmployee -->
        <test-method status="PASS" signature="saveEmployeeWithSuccess()[pri:0, instance:com.websystique.springmvc.controller.AppControllerTest@694e1548]" name="saveEmployeeWithSuccess" duration-ms="3" started-at="2018-12-24T20:09:36Z" finished-at="2018-12-24T20:09:36Z">
          <reporter-output>
          </reporter-output>
        </test-method> <!-- saveEmployeeWithSuccess -->
        <test-method status="PASS" signature="saveEmployeeWithValidationError()[pri:0, instance:com.websystique.springmvc.controller.AppControllerTest@694e1548]" name="saveEmployeeWithValidationError" duration-ms="1" started-at="2018-12-24T20:09:36Z" finished-at="2018-12-24T20:09:36Z">
          <reporter-output>
          </reporter-output>
        </test-method> <!-- saveEmployeeWithValidationError -->
        <test-method status="PASS" signature="saveEmployeeWithValidationErrorNonUniqueSSN()[pri:0, instance:com.websystique.springmvc.controller.AppControllerTest@694e1548]" name="saveEmployeeWithValidationErrorNonUniqueSSN" duration-ms="3" started-at="2018-12-24T20:09:36Z" finished-at="2018-12-24T20:09:36Z">
          <reporter-output>
          </reporter-output>
        </test-method> <!-- saveEmployeeWithValidationErrorNonUniqueSSN -->
        <test-method status="PASS" signature="updateEmployeeWithSuccess()[pri:0, instance:com.websystique.springmvc.controller.AppControllerTest@694e1548]" name="updateEmployeeWithSuccess" duration-ms="2" started-at="2018-12-24T20:09:36Z" finished-at="2018-12-24T20:09:36Z">
          <reporter-output>
          </reporter-output>
        </test-method> <!-- updateEmployeeWithSuccess -->
        <test-method status="PASS" signature="updateEmployeeWithValidationError()[pri:0, instance:com.websystique.springmvc.controller.AppControllerTest@694e1548]" name="updateEmployeeWithValidationError" duration-ms="1" started-at="2018-12-24T20:09:36Z" finished-at="2018-12-24T20:09:36Z">
          <reporter-output>
          </reporter-output>
        </test-method> <!-- updateEmployeeWithValidationError -->
        <test-method status="PASS" signature="updateEmployeeWithValidationErrorNonUniqueSSN()[pri:0, instance:com.websystique.springmvc.controller.AppControllerTest@694e1548]" name="updateEmployeeWithValidationErrorNonUniqueSSN" duration-ms="1" started-at="2018-12-24T20:09:36Z" finished-at="2018-12-24T20:09:36Z">
          <reporter-output>
          </reporter-output>
        </test-method> <!-- updateEmployeeWithValidationErrorNonUniqueSSN -->
      </class> <!-- com.websystique.springmvc.controller.AppControllerTest -->
      <class name="com.websystique.springmvc.service.EmployeeServiceImplTest">
        <test-method status="PASS" signature="setUp()[pri:0, instance:com.websystique.springmvc.service.EmployeeServiceImplTest@1f554b06]" name="setUp" is-config="true" duration-ms="43" started-at="2018-12-24T20:10:20Z" finished-at="2018-12-24T20:10:20Z">
          <reporter-output>
          </reporter-output>
        </test-method> <!-- setUp -->
        <test-method status="PASS" signature="deleteEmployeeBySsn()[pri:0, instance:com.websystique.springmvc.service.EmployeeServiceImplTest@1f554b06]" name="deleteEmployeeBySsn" duration-ms="3" started-at="2018-12-24T20:10:20Z" finished-at="2018-12-24T20:10:20Z">
          <reporter-output>
          </reporter-output>
        </test-method> <!-- deleteEmployeeBySsn -->
        <test-method status="PASS" signature="findAllEmployees()[pri:0, instance:com.websystique.springmvc.service.EmployeeServiceImplTest@1f554b06]" name="findAllEmployees" duration-ms="1" started-at="2018-12-24T20:10:20Z" finished-at="2018-12-24T20:10:20Z">
          <reporter-output>
          </reporter-output>
        </test-method> <!-- findAllEmployees -->
        <test-method status="PASS" signature="findById()[pri:0, instance:com.websystique.springmvc.service.EmployeeServiceImplTest@1f554b06]" name="findById" duration-ms="2" started-at="2018-12-24T20:10:20Z" finished-at="2018-12-24T20:10:20Z">
          <reporter-output>
          </reporter-output>
        </test-method> <!-- findById -->
        <test-method status="PASS" signature="findEmployeeBySsn()[pri:0, instance:com.websystique.springmvc.service.EmployeeServiceImplTest@1f554b06]" name="findEmployeeBySsn" duration-ms="1" started-at="2018-12-24T20:10:20Z" finished-at="2018-12-24T20:10:20Z">
          <reporter-output>
          </reporter-output>
        </test-method> <!-- findEmployeeBySsn -->
        <test-method status="PASS" signature="isEmployeeSsnUnique()[pri:0, instance:com.websystique.springmvc.service.EmployeeServiceImplTest@1f554b06]" name="isEmployeeSsnUnique" duration-ms="2" started-at="2018-12-24T20:10:20Z" finished-at="2018-12-24T20:10:20Z">
          <reporter-output>
          </reporter-output>
        </test-method> <!-- isEmployeeSsnUnique -->
        <test-method status="PASS" signature="saveEmployee()[pri:0, instance:com.websystique.springmvc.service.EmployeeServiceImplTest@1f554b06]" name="saveEmployee" duration-ms="3" started-at="2018-12-24T20:10:20Z" finished-at="2018-12-24T20:10:20Z">
          <reporter-output>
          </reporter-output>
        </test-method> <!-- saveEmployee -->
        <test-method status="PASS" signature="updateEmployee()[pri:0, instance:com.websystique.springmvc.service.EmployeeServiceImplTest@1f554b06]" name="updateEmployee" duration-ms="1" started-at="2018-12-24T20:10:20Z" finished-at="2018-12-24T20:10:20Z">
          <reporter-output>
          </reporter-output>
        </test-method> <!-- updateEmployee -->
      </class> <!-- com.websystique.springmvc.service.EmployeeServiceImplTest -->
      <class name="com.websystique.springmvc.dao.EmployeeDaoImplTest">
        <test-method status="PASS" signature="springTestContextBeforeTestClass()[pri:0, instance:com.websystique.springmvc.dao.EmployeeDaoImplTest@30b8a058]" name="springTestContextBeforeTestClass" is-config="true" duration-ms="1" started-at="2018-12-24T20:09:36Z" finished-at="2018-12-24T20:09:36Z">
          <reporter-output>
          </reporter-output>
        </test-method> <!-- springTestContextBeforeTestClass -->
        <test-method status="PASS" signature="springTestContextPrepareTestInstance()[pri:0, instance:com.websystique.springmvc.dao.EmployeeDaoImplTest@30b8a058]" name="springTestContextPrepareTestInstance" is-config="true" duration-ms="41461" started-at="2018-12-24T20:09:36Z" depends-on-methods="org.springframework.test.context.testng.AbstractTestNGSpringContextTests.springTestContextBeforeTestClass" finished-at="2018-12-24T20:10:18Z">
          <reporter-output>
          </reporter-output>
        </test-method> <!-- springTestContextPrepareTestInstance -->
        <test-method status="PASS" signature="springTestContextBeforeTestMethod(java.lang.reflect.Method)[pri:0, instance:com.websystique.springmvc.dao.EmployeeDaoImplTest@30b8a058]" name="springTestContextBeforeTestMethod" is-config="true" duration-ms="362" started-at="2018-12-24T20:10:18Z" finished-at="2018-12-24T20:10:18Z">
          <params>
            <param index="0">
              <value>
                <![CDATA[public void com.websystique.springmvc.dao.EmployeeDaoImplTest.deleteEmployeeByInvalidSsn()]]>
              </value>
            </param>
          </params>
          <reporter-output>
          </reporter-output>
        </test-method> <!-- springTestContextBeforeTestMethod -->
        <test-method status="PASS" signature="setUp()[pri:0, instance:com.websystique.springmvc.dao.EmployeeDaoImplTest@30b8a058]" name="setUp" is-config="true" duration-ms="759" started-at="2018-12-24T20:10:18Z" finished-at="2018-12-24T20:10:19Z">
          <reporter-output>
          </reporter-output>
        </test-method> <!-- setUp -->
        <test-method status="PASS" signature="deleteEmployeeByInvalidSsn()[pri:0, instance:com.websystique.springmvc.dao.EmployeeDaoImplTest@30b8a058]" name="deleteEmployeeByInvalidSsn" duration-ms="622" started-at="2018-12-24T20:10:19Z" finished-at="2018-12-24T20:10:20Z">
          <reporter-output>
          </reporter-output>
        </test-method> <!-- deleteEmployeeByInvalidSsn -->
        <test-method status="PASS" signature="springTestContextAfterTestMethod(java.lang.reflect.Method)[pri:0, instance:com.websystique.springmvc.dao.EmployeeDaoImplTest@30b8a058]" name="springTestContextAfterTestMethod" is-config="true" duration-ms="17" started-at="2018-12-24T20:10:20Z" finished-at="2018-12-24T20:10:20Z">
          <params>
            <param index="0">
              <value>
                <![CDATA[public void com.websystique.springmvc.dao.EmployeeDaoImplTest.deleteEmployeeByInvalidSsn()]]>
              </value>
            </param>
          </params>
          <reporter-output>
          </reporter-output>
        </test-method> <!-- springTestContextAfterTestMethod -->
        <test-method status="PASS" signature="springTestContextBeforeTestMethod(java.lang.reflect.Method)[pri:0, instance:com.websystique.springmvc.dao.EmployeeDaoImplTest@30b8a058]" name="springTestContextBeforeTestMethod" is-config="true" duration-ms="6" started-at="2018-12-24T20:10:20Z" finished-at="2018-12-24T20:10:20Z">
          <params>
            <param index="0">
              <value>
                <![CDATA[public void com.websystique.springmvc.dao.EmployeeDaoImplTest.deleteEmployeeBySsn()]]>
              </value>
            </param>
          </params>
          <reporter-output>
          </reporter-output>
        </test-method> <!-- springTestContextBeforeTestMethod -->
        <test-method status="PASS" signature="setUp()[pri:0, instance:com.websystique.springmvc.dao.EmployeeDaoImplTest@30b8a058]" name="setUp" is-config="true" duration-ms="38" started-at="2018-12-24T20:10:20Z" finished-at="2018-12-24T20:10:20Z">
          <reporter-output>
          </reporter-output>
        </test-method> <!-- setUp -->
        <test-method status="PASS" signature="deleteEmployeeBySsn()[pri:0, instance:com.websystique.springmvc.dao.EmployeeDaoImplTest@30b8a058]" name="deleteEmployeeBySsn" duration-ms="7" started-at="2018-12-24T20:10:20Z" finished-at="2018-12-24T20:10:20Z">
          <reporter-output>
          </reporter-output>
        </test-method> <!-- deleteEmployeeBySsn -->
        <test-method status="PASS" signature="springTestContextAfterTestMethod(java.lang.reflect.Method)[pri:0, instance:com.websystique.springmvc.dao.EmployeeDaoImplTest@30b8a058]" name="springTestContextAfterTestMethod" is-config="true" duration-ms="8" started-at="2018-12-24T20:10:20Z" finished-at="2018-12-24T20:10:20Z">
          <params>
            <param index="0">
              <value>
                <![CDATA[public void com.websystique.springmvc.dao.EmployeeDaoImplTest.deleteEmployeeBySsn()]]>
              </value>
            </param>
          </params>
          <reporter-output>
          </reporter-output>
        </test-method> <!-- springTestContextAfterTestMethod -->
        <test-method status="PASS" signature="springTestContextBeforeTestMethod(java.lang.reflect.Method)[pri:0, instance:com.websystique.springmvc.dao.EmployeeDaoImplTest@30b8a058]" name="springTestContextBeforeTestMethod" is-config="true" duration-ms="7" started-at="2018-12-24T20:10:20Z" finished-at="2018-12-24T20:10:20Z">
          <params>
            <param index="0">
              <value>
                <![CDATA[public void com.websystique.springmvc.dao.EmployeeDaoImplTest.findAllEmployees()]]>
              </value>
            </param>
          </params>
          <reporter-output>
          </reporter-output>
        </test-method> <!-- springTestContextBeforeTestMethod -->
        <test-method status="PASS" signature="setUp()[pri:0, instance:com.websystique.springmvc.dao.EmployeeDaoImplTest@30b8a058]" name="setUp" is-config="true" duration-ms="103" started-at="2018-12-24T20:10:20Z" finished-at="2018-12-24T20:10:20Z">
          <reporter-output>
          </reporter-output>
        </test-method> <!-- setUp -->
        <test-method status="PASS" signature="findAllEmployees()[pri:0, instance:com.websystique.springmvc.dao.EmployeeDaoImplTest@30b8a058]" name="findAllEmployees" duration-ms="5" started-at="2018-12-24T20:10:20Z" finished-at="2018-12-24T20:10:20Z">
          <reporter-output>
          </reporter-output>
        </test-method> <!-- findAllEmployees -->
        <test-method status="PASS" signature="springTestContextAfterTestMethod(java.lang.reflect.Method)[pri:0, instance:com.websystique.springmvc.dao.EmployeeDaoImplTest@30b8a058]" name="springTestContextAfterTestMethod" is-config="true" duration-ms="3" started-at="2018-12-24T20:10:20Z" finished-at="2018-12-24T20:10:20Z">
          <params>
            <param index="0">
              <value>
                <![CDATA[public void com.websystique.springmvc.dao.EmployeeDaoImplTest.findAllEmployees()]]>
              </value>
            </param>
          </params>
          <reporter-output>
          </reporter-output>
        </test-method> <!-- springTestContextAfterTestMethod -->
        <test-method status="PASS" signature="springTestContextBeforeTestMethod(java.lang.reflect.Method)[pri:0, instance:com.websystique.springmvc.dao.EmployeeDaoImplTest@30b8a058]" name="springTestContextBeforeTestMethod" is-config="true" duration-ms="4" started-at="2018-12-24T20:10:20Z" finished-at="2018-12-24T20:10:20Z">
          <params>
            <param index="0">
              <value>
                <![CDATA[public void com.websystique.springmvc.dao.EmployeeDaoImplTest.findById()]]>
              </value>
            </param>
          </params>
          <reporter-output>
          </reporter-output>
        </test-method> <!-- springTestContextBeforeTestMethod -->
        <test-method status="PASS" signature="setUp()[pri:0, instance:com.websystique.springmvc.dao.EmployeeDaoImplTest@30b8a058]" name="setUp" is-config="true" duration-ms="17" started-at="2018-12-24T20:10:20Z" finished-at="2018-12-24T20:10:20Z">
          <reporter-output>
          </reporter-output>
        </test-method> <!-- setUp -->
        <test-method status="PASS" signature="findById()[pri:0, instance:com.websystique.springmvc.dao.EmployeeDaoImplTest@30b8a058]" name="findById" duration-ms="43" started-at="2018-12-24T20:10:20Z" finished-at="2018-12-24T20:10:20Z">
          <reporter-output>
          </reporter-output>
        </test-method> <!-- findById -->
        <test-method status="PASS" signature="springTestContextAfterTestMethod(java.lang.reflect.Method)[pri:0, instance:com.websystique.springmvc.dao.EmployeeDaoImplTest@30b8a058]" name="springTestContextAfterTestMethod" is-config="true" duration-ms="3" started-at="2018-12-24T20:10:20Z" finished-at="2018-12-24T20:10:20Z">
          <params>
            <param index="0">
              <value>
                <![CDATA[public void com.websystique.springmvc.dao.EmployeeDaoImplTest.findById()]]>
              </value>
            </param>
          </params>
          <reporter-output>
          </reporter-output>
        </test-method> <!-- springTestContextAfterTestMethod -->
        <test-method status="PASS" signature="springTestContextBeforeTestMethod(java.lang.reflect.Method)[pri:0, instance:com.websystique.springmvc.dao.EmployeeDaoImplTest@30b8a058]" name="springTestContextBeforeTestMethod" is-config="true" duration-ms="5" started-at="2018-12-24T20:10:20Z" finished-at="2018-12-24T20:10:20Z">
          <params>
            <param index="0">
              <value>
                <![CDATA[public void com.websystique.springmvc.dao.EmployeeDaoImplTest.findEmployeeBySsn()]]>
              </value>
            </param>
          </params>
          <reporter-output>
          </reporter-output>
        </test-method> <!-- springTestContextBeforeTestMethod -->
        <test-method status="PASS" signature="setUp()[pri:0, instance:com.websystique.springmvc.dao.EmployeeDaoImplTest@30b8a058]" name="setUp" is-config="true" duration-ms="23" started-at="2018-12-24T20:10:20Z" finished-at="2018-12-24T20:10:20Z">
          <reporter-output>
          </reporter-output>
        </test-method> <!-- setUp -->
        <test-method status="PASS" signature="findEmployeeBySsn()[pri:0, instance:com.websystique.springmvc.dao.EmployeeDaoImplTest@30b8a058]" name="findEmployeeBySsn" duration-ms="71" started-at="2018-12-24T20:10:20Z" finished-at="2018-12-24T20:10:20Z">
          <reporter-output>
          </reporter-output>
        </test-method> <!-- findEmployeeBySsn -->
        <test-method status="PASS" signature="springTestContextAfterTestMethod(java.lang.reflect.Method)[pri:0, instance:com.websystique.springmvc.dao.EmployeeDaoImplTest@30b8a058]" name="springTestContextAfterTestMethod" is-config="true" duration-ms="5" started-at="2018-12-24T20:10:20Z" finished-at="2018-12-24T20:10:20Z">
          <params>
            <param index="0">
              <value>
                <![CDATA[public void com.websystique.springmvc.dao.EmployeeDaoImplTest.findEmployeeBySsn()]]>
              </value>
            </param>
          </params>
          <reporter-output>
          </reporter-output>
        </test-method> <!-- springTestContextAfterTestMethod -->
        <test-method status="PASS" signature="springTestContextBeforeTestMethod(java.lang.reflect.Method)[pri:0, instance:com.websystique.springmvc.dao.EmployeeDaoImplTest@30b8a058]" name="springTestContextBeforeTestMethod" is-config="true" duration-ms="7" started-at="2018-12-24T20:10:20Z" finished-at="2018-12-24T20:10:20Z">
          <params>
            <param index="0">
              <value>
                <![CDATA[public void com.websystique.springmvc.dao.EmployeeDaoImplTest.saveEmployee()]]>
              </value>
            </param>
          </params>
          <reporter-output>
          </reporter-output>
        </test-method> <!-- springTestContextBeforeTestMethod -->
        <test-method status="PASS" signature="setUp()[pri:0, instance:com.websystique.springmvc.dao.EmployeeDaoImplTest@30b8a058]" name="setUp" is-config="true" duration-ms="25" started-at="2018-12-24T20:10:20Z" finished-at="2018-12-24T20:10:20Z">
          <reporter-output>
          </reporter-output>
        </test-method> <!-- setUp -->
        <test-method status="PASS" signature="saveEmployee()[pri:0, instance:com.websystique.springmvc.dao.EmployeeDaoImplTest@30b8a058]" name="saveEmployee" duration-ms="152" started-at="2018-12-24T20:10:20Z" finished-at="2018-12-24T20:10:20Z">
          <reporter-output>
          </reporter-output>
        </test-method> <!-- saveEmployee -->
        <test-method status="PASS" signature="springTestContextAfterTestMethod(java.lang.reflect.Method)[pri:0, instance:com.websystique.springmvc.dao.EmployeeDaoImplTest@30b8a058]" name="springTestContextAfterTestMethod" is-config="true" duration-ms="6" started-at="2018-12-24T20:10:20Z" finished-at="2018-12-24T20:10:20Z">
          <params>
            <param index="0">
              <value>
                <![CDATA[public void com.websystique.springmvc.dao.EmployeeDaoImplTest.saveEmployee()]]>
              </value>
            </param>
          </params>
          <reporter-output>
          </reporter-output>
        </test-method> <!-- springTestContextAfterTestMethod -->
        <test-method status="PASS" signature="springTestContextAfterTestClass()[pri:0, instance:com.websystique.springmvc.dao.EmployeeDaoImplTest@30b8a058]" name="springTestContextAfterTestClass" is-config="true" duration-ms="2" started-at="2018-12-24T20:10:20Z" finished-at="2018-12-24T20:10:20Z">
          <reporter-output>
          </reporter-output>
        </test-method> <!-- springTestContextAfterTestClass -->
      </class> <!-- com.websystique.springmvc.dao.EmployeeDaoImplTest -->
    </test> <!-- Command line test -->
  </suite> <!-- Command line suite -->
</testng-results>
